Ranking for bullet stored to 'lichess_bots_ranking_bullet.csv' with 179 bots
Ranking for blitz stored to 'lichess_bots_ranking_blitz.csv' with 179 bots
Ranking for rapid stored to 'lichess_bots_ranking_rapid.csv' with 179 bots
Ranking for classical stored to 'lichess_bots_ranking_classical.csv' with 179 bots
Ranking for chess960 stored to 'lichess_bots_ranking_chess960.csv' with 55 bots
Ranking for crazyhouse stored to 'lichess_bots_ranking_crazyhouse.csv' with 25 bots
Ranking for antichess stored to 'lichess_bots_ranking_antichess.csv' with 27 bots
Ranking for kingOfTheHill stored to 'lichess_bots_ranking_kingOfTheHill.csv' with 25 bots
Ranking for threeCheck stored to 'lichess_bots_ranking_threeCheck.csv' with 24 bots
Ranking for horde stored to 'lichess_bots_ranking_horde.csv' with 22 bots
Ranking for racingKings stored to 'lichess_bots_ranking_racingKings.csv' with 23 bots

Lichess Bots Rankings (All Bots by Variant - Full List):


Bullet Ranking (Full List):

LeelaMultiPoss,3322
Endogenetic-Bot,3224
Bharat_royals,3175
root2323,3154
VEER-OMEGA-BOT,3149
NecroMindX,3146
eNErGyOFbEiNGbOT,3143
InvinxibleFlxsh,3134
BOT_Stockfish13,3134
Exogenetic-Bot,3131
PINEAPPLEMASK,3131
ToromBot,3130
BSTAF,3126
Yuki_1324,3126
Classic_BOT-v2,3125
DarkOnBot,3120
MaggiChess16,3119
strain-on-veins,3117
pangubot,3113
TacticalBot,3112
Cheszter,3112
NNUE_Drift,3106
Speeedrunchessgames,3103
RaspFish,3099
Alexnajax_Fan,3094
AlwaysPlayMystery,3092
NewChessEngine-ai,3087
YoBot_v2,3083
ChampionKitten,3080
HIWIN1234,3076
Ukraine-team-creator,3068
Alexandrya,3062
colinbot,3057
SupraNova_V11,3045
PetersBot,3028
ResoluteBot,3019
cinder-bot,2929
Legend_Engine,2925
Gold_Engine,2857
Elite_Engine,2829
PatriciaBot,2827
PZChessBot,2827
pawn_git,2777
duchessAI,2772
Weiawaga,2771
TheUnforgivingBot,2723
odonata-bot,2720
admete_bot,2704
lambergar,2689
ViolentStockfish,2680
SeitoGaKatsu,2671
simbelmyne-bot,2656
ArasanX,2645
ColossusBOT,2620
Meltd0wn,2606
bot_adario,2584
bitbitbot,2536
GNU4u,2529
SleepMindEngine,2523
Euwe-chess-engine,2511
bot64jaques,2419
PeachFruit,2419
GlueWinner,2388
Humaia-Strong,2378
Casanchess-NNUE,2376
RavenEngine,2370
morabandbot,2349
FataliiBot,2344
GNUPassant,2340
Nakshatra3,2307
fornax-engine,2298
OliThinkFlash,2290
simpleEval,2285
Elmichess,2257
TroutBot,2255
halcyonbot,2249
pruningBot,2246
WolfuhfuhBot,2240
Goldfish-Engine,2228
grail-bot,2222
VariantsBot,2212
fathzer-jchess,2203
Hyperopic,2166
matmoi,2164
maello_bot,2160
SomeGoBot,2156
Eichkatzerl,2152
natto-bot,2128
Boosted_Maia_1900,2109
likeawizard-bot,2078
Demolito_L6,2052
GarboBot,2051
sseh-c,2046
jangine,2045
ArchduchessBot,2008
littlePatricia,2001
LeelaQueenForKnight,2000
hummus-bot,2000
AshNostromo,2000
croissantdealer,2000
charibot,2000
LeelaRookOdds,2000
LeelaPieceOdds,2000
LeelaQueenOdds,2000
LeelaKnightOdds,2000
AllieTheChessBot,2000
Annie_Archy,2000
worst_colinbot,2000
Chessiverse_Pawnza,2000
Chessiverse_Luc,2000
Chessiverse_Raak,2000
Chessiverse_Ethan,2000
Funeddy-Robotik,2000
StreamerVSChat,2000
Gryndor,2000
Walleye_Bot,1997
TopasBot,1984
AconcaguaBot,1981
RadianceEngine,1961
prokopakop,1958
Boosted_Maia_1700,1952
rudim-bot,1947
OliThinkNomaterial,1909
QueensGamBOT,1841
MaxtheDog-ESP32,1829
Demolito_L5,1827
Ellen_Replay,1808
BerkBot,1800
mochi_bot,1796
Boosted_Maia_1500,1756
ai-con,1745
waychess-bot,1738
turkjs,1715
RookRusty,1704
Demolito_L4,1701
Jibbby,1698
ScalaQueen,1696
SomePythonBot,1689
maia1,1681
maia9,1656
Demolito_L3,1607
Humaia,1605
PARTNER3615DIAGO,1603
maia5,1601
Boosted_Maia_1300,1597
R0bspierre,1583
sargon-4ply,1583
RostigerRitter,1581
schnecken_bot,1564
sargon-3ply,1545
DavidsGuterBot,1539
turochamp-2ply,1528
Mr_Sandbar,1527
whychess-bot,1513
untrained4406,1509
fred-fast-chess,1500
Lurch_0,1500
joshsbot,1500
anti-bot,1500
WorstFish,1500
Lurch_1,1500
NilatacBot,1500
CatNail,1500
Demolito_L2,1491
crabstick-engine,1491
bernstein-4ply,1488
Demolito_L1,1462
Terconari,1451
NexaStrat,1436
UltraBrick,1407
LunaNetEngine,1407
turochamp-1ply,1401
sargon-2ply,1302
sargon-1ply,1300
bernstein-2ply,1297
pawnrobot,1214
Cimille,1117
StupidfishBOTBYDSCS,779
MinOpponentMoves,767

Blitz Ranking (Full List):

LeelaMultiPoss,3278
root2323,3078
Cheszter,3054
YoBot_v2,3048
Speeedrunchessgames,3043
SupraNova_V11,3039
MaggiChess16,3039
Bharat_royals,3033
pangubot,3030
eNErGyOFbEiNGbOT,3030
InvinxibleFlxsh,3030
NecroMindX,3029
Classic_BOT-v2,3026
DarkOnBot,3026
ToromBot,3022
VEER-OMEGA-BOT,3021
cinder-bot,3021
BSTAF,3020
Yuki_1324,3017
NNUE_Drift,3016
Alexandrya,3013
Endogenetic-Bot,3009
RaspFish,3002
ChampionKitten,2997
Ukraine-team-creator,2997
PINEAPPLEMASK,2992
Alexnajax_Fan,2992
HIWIN1234,2991
PetersBot,2990
ArasanX,2982
TacticalBot,2979
Exogenetic-Bot,2975
Legend_Engine,2967
strain-on-veins,2958
BOT_Stockfish13,2945
ResoluteBot,2945
AlwaysPlayMystery,2940
Gold_Engine,2935
colinbot,2899
PZChessBot,2830
Weiawaga,2818
odonata-bot,2794
pawn_git,2782
TheUnforgivingBot,2774
duchessAI,2759
PatriciaBot,2755
lambergar,2710
simbelmyne-bot,2681
SeitoGaKatsu,2640
bot_adario,2617
ViolentStockfish,2605
Meltd0wn,2600
Euwe-chess-engine,2581
ColossusBOT,2579
bitbitbot,2541
SleepMindEngine,2524
admete_bot,2506
Elite_Engine,2491
bot64jaques,2475
GNU4u,2470
Casanchess-NNUE,2452
PeachFruit,2451
GlueWinner,2432
GNUPassant,2418
morabandbot,2386
fornax-engine,2381
FataliiBot,2372
RavenEngine,2371
Nakshatra3,2318
simpleEval,2316
WolfuhfuhBot,2276
OliThinkFlash,2269
TroutBot,2264
grail-bot,2262
pruningBot,2257
Goldfish-Engine,2252
halcyonbot,2226
RostigerRitter,2218
Humaia-Strong,2177
Boosted_Maia_1900,2176
Eichkatzerl,2158
Hyperopic,2140
SomeGoBot,2131
matmoi,2123
fathzer-jchess,2111
likeawizard-bot,2108
NewChessEngine-ai,2105
jangine,2029
GarboBot,2018
Chessiverse_Raak,2015
Demolito_L6,2015
natto-bot,2014
maello_bot,2011
Funeddy-Robotik,2010
Gryndor,2000
charibot,2000
Annie_Archy,2000
StreamerVSChat,2000
LeelaQueenForKnight,2000
AllieTheChessBot,2000
croissantdealer,2000
worst_colinbot,2000
LeelaPieceOdds,2000
LeelaQueenOdds,2000
LeelaKnightOdds,2000
LeelaRookOdds,2000
ArchduchessBot,1996
TopasBot,1987
sseh-c,1984
Walleye_Bot,1969
Elmichess,1961
prokopakop,1957
RadianceEngine,1952
AconcaguaBot,1952
Demolito_L5,1948
MaxtheDog-ESP32,1941
Boosted_Maia_1700,1894
OliThinkNomaterial,1891
rudim-bot,1881
Ellen_Replay,1826
AshNostromo,1773
littlePatricia,1766
Demolito_L4,1764
ai-con,1755
mochi_bot,1753
QueensGamBOT,1737
hummus-bot,1735
waychess-bot,1734
SomePythonBot,1725
turkjs,1704
Boosted_Maia_1500,1687
BerkBot,1673
Jibbby,1668
RookRusty,1630
maia5,1583
ScalaQueen,1579
R0bspierre,1579
maia9,1555
Demolito_L3,1555
PARTNER3615DIAGO,1534
untrained4406,1501
CatNail,1500
Lurch_1,1500
NilatacBot,1500
anti-bot,1500
WorstFish,1500
VariantsBot,1500
fred-fast-chess,1500
Lurch_0,1500
UltraBrick,1483
Terconari,1483
maia1,1469
sargon-3ply,1467
Boosted_Maia_1300,1465
Chessiverse_Luc,1463
schnecken_bot,1450
sargon-4ply,1450
DavidsGuterBot,1428
LunaNetEngine,1424
Demolito_L2,1418
turochamp-2ply,1394
whychess-bot,1387
joshsbot,1353
Demolito_L1,1340
crabstick-engine,1334
NexaStrat,1332
bernstein-4ply,1319
turochamp-1ply,1271
Humaia,1260
sargon-2ply,1229
sargon-1ply,1220
pawnrobot,1215
Mr_Sandbar,1152
Chessiverse_Ethan,1146
bernstein-2ply,1140
Cimille,1090
Chessiverse_Pawnza,923
MinOpponentMoves,725
StupidfishBOTBYDSCS,694

Rapid Ranking (Full List):

LeelaMultiPoss,3336
Funeddy-Robotik,3117
InvinxibleFlxsh,3102
NecroMindX,3089
BOT_Stockfish13,3086
Yuki_1324,3083
Alexandrya,3082
pangubot,3082
ChampionKitten,3081
Cheszter,3078
NNUE_Drift,3078
ArasanX,3078
VEER-OMEGA-BOT,3075
MaggiChess16,3075
strain-on-veins,3075
RaspFish,3073
ToromBot,3073
YoBot_v2,3071
Alexnajax_Fan,3070
colinbot,3068
DarkOnBot,3066
PetersBot,3065
Endogenetic-Bot,3051
eNErGyOFbEiNGbOT,3044
cinder-bot,3040
HIWIN1234,3029
SupraNova_V11,3012
BSTAF,2992
Speeedrunchessgames,2987
Ukraine-team-creator,2972
ResoluteBot,2950
Bharat_royals,2936
Classic_BOT-v2,2931
PZChessBot,2887
Weiawaga,2882
TacticalBot,2874
Gold_Engine,2873
duchessAI,2859
odonata-bot,2857
pawn_git,2849
Legend_Engine,2828
TheUnforgivingBot,2817
PatriciaBot,2814
lambergar,2761
simbelmyne-bot,2759
Elite_Engine,2697
ColossusBOT,2696
AlwaysPlayMystery,2690
bot_adario,2677
ViolentStockfish,2677
SeitoGaKatsu,2676
Euwe-chess-engine,2646
SleepMindEngine,2593
bot64jaques,2551
bitbitbot,2540
Casanchess-NNUE,2540
Meltd0wn,2511
GNU4u,2505
PeachFruit,2486
GlueWinner,2471
FataliiBot,2447
GNUPassant,2437
RavenEngine,2422
admete_bot,2413
fornax-engine,2402
Nakshatra3,2368
WolfuhfuhBot,2332
halcyonbot,2329
Goldfish-Engine,2319
Hyperopic,2304
grail-bot,2303
pruningBot,2296
TroutBot,2279
RostigerRitter,2269
simpleEval,2250
SomeGoBot,2246
OliThinkFlash,2216
morabandbot,2195
matmoi,2178
likeawizard-bot,2148
Demolito_L6,2145
LunaNetEngine,2136
maello_bot,2134
natto-bot,2122
littlePatricia,2114
jangine,2112
Eichkatzerl,2109
sseh-c,2094
Elmichess,2086
TopasBot,2066
Boosted_Maia_1900,2065
RadianceEngine,2057
Demolito_L5,2041
MaxtheDog-ESP32,2012
ArchduchessBot,2000
charibot,2000
StreamerVSChat,2000
Gryndor,2000
Annie_Archy,2000
Exogenetic-Bot,2000
LeelaQueenOdds,2000
LeelaRookOdds,2000
AllieTheChessBot,2000
LeelaPieceOdds,2000
LeelaKnightOdds,2000
LeelaQueenForKnight,2000
Chessiverse_Pawnza,2000
Chessiverse_Luc,2000
prokopakop,2000
Chessiverse_Raak,2000
Chessiverse_Ethan,2000
PINEAPPLEMASK,2000
worst_colinbot,2000
croissantdealer,2000
root2323,1996
fathzer-jchess,1984
Walleye_Bot,1967
GarboBot,1966
OliThinkNomaterial,1963
Boosted_Maia_1700,1963
AconcaguaBot,1959
Humaia-Strong,1957
rudim-bot,1946
AshNostromo,1902
mochi_bot,1895
Demolito_L4,1889
ai-con,1880
SomePythonBot,1864
Jibbby,1847
turkjs,1846
hummus-bot,1830
Ellen_Replay,1827
BerkBot,1821
Demolito_L3,1814
RookRusty,1792
Boosted_Maia_1500,1785
waychess-bot,1772
maia9,1733
NewChessEngine-ai,1643
R0bspierre,1638
sargon-4ply,1637
Terconari,1637
ScalaQueen,1622
maia5,1612
maia1,1609
Boosted_Maia_1300,1601
Demolito_L2,1598
DavidsGuterBot,1575
schnecken_bot,1568
untrained4406,1566
UltraBrick,1562
sargon-3ply,1537
joshsbot,1527
QueensGamBOT,1518
VariantsBot,1500
turochamp-2ply,1500
Lurch_0,1500
CatNail,1500
anti-bot,1500
WorstFish,1500
fred-fast-chess,1500
NilatacBot,1500
Lurch_1,1500
Demolito_L1,1485
NexaStrat,1483
whychess-bot,1483
turochamp-1ply,1387
bernstein-4ply,1385
PARTNER3615DIAGO,1379
Humaia,1378
sargon-2ply,1365
sargon-1ply,1340
pawnrobot,1318
crabstick-engine,1294
bernstein-2ply,1217
Cimille,1102
Mr_Sandbar,800
MinOpponentMoves,580
StupidfishBOTBYDSCS,458

Classical Ranking (Full List):

LeelaMultiPoss,3079
InvinxibleFlxsh,2908
Alexnajax_Fan,2904
VEER-OMEGA-BOT,2892
pangubot,2890
YoBot_v2,2879
Endogenetic-Bot,2869
DarkOnBot,2868
Alexandrya,2864
eNErGyOFbEiNGbOT,2856
Cheszter,2853
ChampionKitten,2853
ArasanX,2846
AlwaysPlayMystery,2845
PetersBot,2830
RaspFish,2825
colinbot,2822
MaggiChess16,2821
cinder-bot,2792
Funeddy-Robotik,2774
NecroMindX,2691
BOT_Stockfish13,2686
Weiawaga,2679
ResoluteBot,2673
pawn_git,2666
BSTAF,2650
ToromBot,2597
TheUnforgivingBot,2570
duchessAI,2562
PatriciaBot,2506
ColossusBOT,2504
simbelmyne-bot,2487
SleepMindEngine,2376
PZChessBot,2311
Classic_BOT-v2,2299
PeachFruit,2297
Casanchess-NNUE,2295
RavenEngine,2253
Nakshatra3,2226
simpleEval,2208
bitbitbot,2194
FataliiBot,2190
Yuki_1324,2188
Ukraine-team-creator,2170
pruningBot,2149
GNUPassant,2136
SomeGoBot,2116
Goldfish-Engine,2112
Demolito_L6,2106
TroutBot,2076
bot64jaques,2074
maello_bot,2059
LeelaPieceOdds,2053
Humaia-Strong,2052
GlueWinner,2024
OliThinkNomaterial,2000
Chessiverse_Raak,2000
Chessiverse_Ethan,2000
Elite_Engine,2000
RostigerRitter,2000
lambergar,2000
root2323,2000
grail-bot,2000
prokopakop,2000
TacticalBot,2000
Gold_Engine,2000
Terconari,2000
Exogenetic-Bot,2000
SupraNova_V11,2000
ViolentStockfish,2000
PINEAPPLEMASK,2000
GNU4u,2000
croissantdealer,2000
NexaStrat,2000
Eichkatzerl,2000
littlePatricia,2000
morabandbot,2000
charibot,2000
Walleye_Bot,2000
Euwe-chess-engine,2000
halcyonbot,2000
LeelaRookOdds,2000
WolfuhfuhBot,2000
LeelaQueenOdds,2000
LeelaKnightOdds,2000
AllieTheChessBot,2000
Chessiverse_Luc,2000
Chessiverse_Pawnza,2000
OliThinkFlash,2000
Legend_Engine,2000
Annie_Archy,2000
worst_colinbot,2000
Speeedrunchessgames,2000
NNUE_Drift,2000
strain-on-veins,2000
AconcaguaBot,2000
SeitoGaKatsu,2000
HIWIN1234,2000
BerkBot,2000
Meltd0wn,2000
ArchduchessBot,2000
R0bspierre,2000
Gryndor,2000
StreamerVSChat,2000
mochi_bot,2000
pawnrobot,2000
LeelaQueenForKnight,2000
untrained4406,2000
matmoi,1999
Demolito_L5,1998
fathzer-jchess,1994
TopasBot,1989
sseh-c,1985
LunaNetEngine,1982
jangine,1975
RadianceEngine,1974
Bharat_royals,1966
Boosted_Maia_1900,1945
natto-bot,1944
likeawizard-bot,1932
Demolito_L4,1926
Elmichess,1897
MaxtheDog-ESP32,1864
GarboBot,1860
rudim-bot,1852
hummus-bot,1824
Boosted_Maia_1700,1813
SomePythonBot,1813
admete_bot,1804
turkjs,1790
Demolito_L3,1786
AshNostromo,1772
Ellen_Replay,1739
ai-con,1726
RookRusty,1719
Jibbby,1703
maia9,1702
waychess-bot,1693
Boosted_Maia_1500,1672
maia5,1671
schnecken_bot,1665
sargon-4ply,1665
Demolito_L2,1649
sargon-3ply,1643
Boosted_Maia_1300,1612
ScalaQueen,1591
maia1,1587
Demolito_L1,1576
UltraBrick,1566
turochamp-2ply,1533
whychess-bot,1512
joshsbot,1504
NilatacBot,1500
odonata-bot,1500
VariantsBot,1500
WorstFish,1500
CatNail,1500
QueensGamBOT,1500
bot_adario,1500
fornax-engine,1500
anti-bot,1500
Lurch_1,1500
Lurch_0,1500
Hyperopic,1500
PARTNER3615DIAGO,1488
NewChessEngine-ai,1448
bernstein-4ply,1431
fred-fast-chess,1427
turochamp-1ply,1422
Humaia,1388
sargon-1ply,1360
bernstein-2ply,1352
sargon-2ply,1324
DavidsGuterBot,1312
Mr_Sandbar,1248
crabstick-engine,1041
Cimille,1025
StupidfishBOTBYDSCS,839
MinOpponentMoves,566

Chess960 Ranking (Full List):

LeelaMultiPoss,2571
NecroMindX,2472
ToromBot,2466
Speeedrunchessgames,2465
ChampionKitten,2463
eNErGyOFbEiNGbOT,2458
pangubot,2458
Bharat_royals,2455
DarkOnBot,2454
VEER-OMEGA-BOT,2454
PINEAPPLEMASK,2453
Endogenetic-Bot,2451
strain-on-veins,2449
YoBot_v2,2448
BSTAF,2444
HIWIN1234,2443
InvinxibleFlxsh,2442
BOT_Stockfish13,2442
NNUE_Drift,2439
Yuki_1324,2439
Exogenetic-Bot,2438
MaggiChess16,2431
PetersBot,2430
TacticalBot,2423
RaspFish,2386
Classic_BOT-v2,2384
Alexnajax_Fan,2367
SupraNova_V11,2355
colinbot,2349
AlwaysPlayMystery,2278
pawn_git,2268
ResoluteBot,2266
Ukraine-team-creator,2264
PatriciaBot,2262
TheUnforgivingBot,2227
VariantsBot,2180
SeitoGaKatsu,2112
ColossusBOT,2030
GlueWinner,1955
FataliiBot,1863
Demolito_L6,1739
Demolito_L5,1574
RadianceEngine,1569
littlePatricia,1529
AconcaguaBot,1494
Demolito_L4,1436
GarboBot,1309
Demolito_L3,1276
fathzer-jchess,1222
DavidsGuterBot,1212
schnecken_bot,1182
Demolito_L2,1138
Demolito_L1,953
pawnrobot,661
MinOpponentMoves,419

Crazyhouse Ranking (Full List):

VariantsBot,2754
ResoluteBot,2668
InvinxibleFlxsh,2402
YoBot_v2,2394
ToromBot,2272
Speeedrunchessgames,2254
NecroMindX,2252
Endogenetic-Bot,2236
Yuki_1324,2219
PINEAPPLEMASK,2214
TacticalBot,2190
MaggiChess16,2183
BSTAF,2181
HIWIN1234,2179
NNUE_Drift,2171
DarkOnBot,2154
RaspFish,2148
strain-on-veins,2133
Exogenetic-Bot,2025
PetersBot,1911
colinbot,1755
Ukraine-team-creator,1477
Classic_BOT-v2,1392
pawnrobot,1168
MinOpponentMoves,783

Antichess Ranking (Full List):

VariantsBot,3021
NecroMindX,2888
TacticalBot,2826
Endogenetic-Bot,2818
ToromBot,2816
Exogenetic-Bot,2773
PINEAPPLEMASK,2757
Speeedrunchessgames,2729
DarkOnBot,2718
RaspFish,2660
NNUE_Drift,2634
strain-on-veins,2600
MaggiChess16,2595
Yuki_1324,2569
YoBot_v2,2565
HIWIN1234,2544
InvinxibleFlxsh,2541
colinbot,2460
ResoluteBot,2455
Nakshatra3,2365
NilatacBot,2237
anti-bot,2200
CatNail,2041
pawnrobot,1944
PZChessBot,1746
pangubot,1471
MinOpponentMoves,1031

Kingofthehill Ranking (Full List):

VariantsBot,2579
HIWIN1234,2383
ToromBot,2382
NecroMindX,2364
Speeedrunchessgames,2364
PINEAPPLEMASK,2332
DarkOnBot,2314
Exogenetic-Bot,2305
Yuki_1324,2294
MaggiChess16,2282
TacticalBot,2278
NNUE_Drift,2264
Endogenetic-Bot,2258
eNErGyOFbEiNGbOT,2250
strain-on-veins,2243
YoBot_v2,2242
RaspFish,2235
ResoluteBot,2233
VEER-OMEGA-BOT,2198
InvinxibleFlxsh,2193
colinbot,1900
DavidsGuterBot,1487
Ukraine-team-creator,1476
pawnrobot,1191
MinOpponentMoves,928

Threecheck Ranking (Full List):

VariantsBot,2759
ToromBot,2432
InvinxibleFlxsh,2423
NecroMindX,2419
VEER-OMEGA-BOT,2391
MaggiChess16,2385
DarkOnBot,2381
Endogenetic-Bot,2372
PINEAPPLEMASK,2365
NNUE_Drift,2362
HIWIN1234,2359
RaspFish,2339
Speeedrunchessgames,2306
TacticalBot,2297
Yuki_1324,2289
strain-on-veins,2280
YoBot_v2,2257
colinbot,2193
ResoluteBot,2150
Exogenetic-Bot,2117
DavidsGuterBot,1564
pawnrobot,1225
MinOpponentMoves,910
BOT_Stockfish13,800

Horde Ranking (Full List):

VariantsBot,3019
InvinxibleFlxsh,2886
MaggiChess16,2526
ToromBot,2471
PINEAPPLEMASK,2448
Endogenetic-Bot,2439
NecroMindX,2433
HIWIN1234,2418
Speeedrunchessgames,2405
NNUE_Drift,2387
TacticalBot,2350
Yuki_1324,2337
DarkOnBot,2301
RaspFish,2270
strain-on-veins,2265
Exogenetic-Bot,2214
ResoluteBot,2155
YoBot_v2,2019
colinbot,1818
pawnrobot,1265
Alexnajax_Fan,1066
MinOpponentMoves,988

Racingkings Ranking (Full List):

VariantsBot,2703
InvinxibleFlxsh,2622
HIWIN1234,2537
Exogenetic-Bot,2524
NecroMindX,2516
strain-on-veins,2516
MaggiChess16,2514
Speeedrunchessgames,2509
Yuki_1324,2509
NNUE_Drift,2507
Endogenetic-Bot,2507
PINEAPPLEMASK,2505
ToromBot,2497
DarkOnBot,2494
VEER-OMEGA-BOT,2487
RaspFish,2486
TacticalBot,2479
eNErGyOFbEiNGbOT,2472
YoBot_v2,2287
colinbot,2269
ResoluteBot,2225
pawnrobot,1415
MinOpponentMoves,648
